Build started 2015/12/19 11:01:35.
     1>Project "C:\Users\he\Desktop\mposSDK\mposSDK\mposSDK.vcxproj" on node 2 (Build target(s)).
     1>ClCompile:
         C:\Program Files (x86)\Microsoft Visual Studio 12.0\VC\bin\CL.exe /c /ZI /nologo /W3 /WX- /sdl /Od /Oy- /D _WINDLL /D _MBCS /Gm /EHsc /RTC1 /MDd /GS /fp:precise /Zc:wchar_t /Zc:forScope /Fo"Debug\\" /Fd"Debug\vc120.pdb" /Gd /TC /analyze- /errorReport:prompt /D _CRT_SECURE_NO_WARNINGS cJSON.c innerInterface.c ipaynowMPOSSDK.c iso8583.c log.c
         log.c
         iso8583.c
         ipaynowMPOSSDK.c
         innerInterface.c
         cJSON.c
         正在生成代码...
       Link:
         C:\Program Files (x86)\Microsoft Visual Studio 12.0\VC\bin\link.exe /ERRORREPORT:PROMPT /OUT:"C:\Users\he\Desktop\mposSDK\Debug\mposSDK.dll" /INCREMENTAL /NOLOGO kernel32.lib user32.lib gdi32.lib winspool.lib comdlg32.lib advapi32.lib shell32.lib ole32.lib oleaut32.lib uuid.lib odbc32.lib odbccp32.lib /MANIFEST /MANIFESTUAC:"level='asInvoker' uiAccess='false'" /manifest:embed /DEBUG /PDB:"C:\Users\he\Desktop\mposSDK\Debug\mposSDK.pdb" /TLBID:1 /DYNAMICBASE /NXCOMPAT /IMPLIB:"C:\Users\he\Desktop\mposSDK\Debug\mposSDK.lib" /MACHINE:X86 /DLL Debug\cJSON.obj
         Debug\innerInterface.obj
         Debug\ipaynowMPOSSDK.obj
         Debug\iso8583.obj
         Debug\log.obj
         LINK : 没有找到 C:\Users\he\Desktop\mposSDK\Debug\mposSDK.dll 或上一个增量链接没有生成它；正在执行完全链接
            正在创建库 C:\Users\he\Desktop\mposSDK\Debug\mposSDK.lib 和对象 C:\Users\he\Desktop\mposSDK\Debug\mposSDK.exp
         mposSDK.vcxproj -> C:\Users\he\Desktop\mposSDK\Debug\mposSDK.dll
     1>Done Building Project "C:\Users\he\Desktop\mposSDK\mposSDK\mposSDK.vcxproj" (Build target(s)).

Build succeeded.

Time Elapsed 00:00:05.75
